<?xml version="1.0" encoding="UTF-8"?>
<!-- Generated by org.testng.reporters.JUnitXMLReporter -->
<testsuite ignored="0" hostname="Midhuns-Air.bbrouter" failures="1" tests="6" name="TestLoginFunctionality" time="14.415" errors="0" timestamp="2024-02-03T00:15:13 IST">
  <testcase classname="com.swaglabs.testcases.TestLoginFunctionality" name="testLogout" time="0.786"/>
  <testcase classname="com.swaglabs.testcases.TestLoginFunctionality" name="testWithBlankFields" time="0.112"/>
  <testcase classname="com.swaglabs.testcases.TestLoginFunctionality" name="testWithInvalidPassword" time="0.165">
    <failure type="java.lang.AssertionError">
      <![CDATA[java.lang.AssertionError: 
at com.swaglabs.testcases.TestLoginFunctionality.testWithInvalidPassword(TestLoginFunctionality.java:37)
at java.base/java.util.ArrayList.forEach(ArrayList.java:1511)
at java.base/java.util.concurrent.FutureTask.run(FutureTask.java:264)
at java.base/java.util.concurrent.ThreadPoolExecutor.runWorker(ThreadPoolExecutor.java:1136)
at java.base/java.util.concurrent.ThreadPoolExecutor$Worker.run(ThreadPoolExecutor.java:635)
at java.base/java.lang.Thread.run(Thread.java:833)
... Removed 20 stack frames]]>
    </failure>
  </testcase> <!-- testWithInvalidPassword -->
  <testcase classname="com.swaglabs.testcases.TestLoginFunctionality" name="testWithInvalidUsername" time="0.165"/>
  <testcase classname="com.swaglabs.testcases.TestLoginFunctionality" name="testWithLockedUser" time="0.164"/>
  <testcase classname="com.swaglabs.testcases.TestLoginFunctionality" name="testWithValidCredentials" time="0.753"/>
</testsuite> <!-- TestLoginFunctionality -->
